{"Results":{"GeneralInfo":{"ReportTitle":"LeanFT Report","OrchestrationToolName":"JUnit","RunStartTime":"2018-10-19 12:18:07"},"ReportNode":{"@type":"Run","Data":{"Extension":{"Any":{"IconKey":"Run","IsHtmlErrorText":"true"}},"Description":{"#cdata-section":" "},"ToolName":"LeanFT","StartTime":"2018-10-19 12:18:07","Duration":{"#cdata-section":"00:00:46.858"},"Name":"Run Results","Result":"Failed"},"ReportNode":{"@type":"Package","Data":{"Extension":{"Any":{"IconKey":"Package","IsHtmlErrorText":"true"}},"Description":{"#cdata-section":"Version: N/A"},"StartTime":"2018-10-19 12:18:07","Duration":{"#cdata-section":"00:00:46.827"},"Result":"Failed"},"ReportNode":{"@type":"Class","Data":{"Extension":{"Any":{"IconKey":"Class","IsHtmlErrorText":"true"}},"StartTime":"2018-10-19 12:18:07","Duration":{"#cdata-section":"00:00:46.827"},"Name":"MarketTest","Result":"Failed"},"ReportNode":[{"@type":"Test","Data":{"Extension":{"Any":{"IconKey":"Test","IsHtmlErrorText":"true"}},"ErrorText":{"#cdata-section":"\u003cpre\u003eorg.openqa.selenium.NoSuchElementException: no such element: Unable to locate element: {\u0026quot;method\u0026quot;:\u0026quot;xpath\u0026quot;,\u0026quot;selector\u0026quot;:\u0026quot;//div[@class\u003d\u0026quot;catalog-menu__list\u0026quot;]/a[text()\u003d\u0026quot;\u0026#1053;\u0026#1086;\u0026#1091;\u0026#1090;\u0026#1073;\u0026#1091;\u0026#1082;\u0026#1080;\u0026quot;]\u0026quot;}\n  (Session info: chrome\u003d69.0.3497.100)\n  (Driver info: chromedriver\u003d2.41.578737 (49da6702b16031c40d63e5618de03a32ff6c197e),platform\u003dWindows NT 10.0.14393 x86_64) (WARNING: The server did not provide any stacktrace information)\nCommand duration or timeout: 10.01 seconds\nFor documentation on this error, please visit: http://seleniumhq.org/exceptions/no_such_element.html\nBuild info: version: \u0026apos;2.33.0\u0026apos;, revision: \u0026apos;4ecaf82108b2a6cc6f006aae81961236eba93358\u0026apos;, time: \u0026apos;2013-05-22 12:00:17\u0026apos;\nSystem info: os.name: \u0026apos;Windows 10\u0026apos;, os.arch: \u0026apos;amd64\u0026apos;, os.version: \u0026apos;10.0\u0026apos;, java.version: \u0026apos;10.0.1\u0026apos;\nDriver info: org.openqa.selenium.chrome.ChromeDriver\nCapabilities [{mobileEmulationEnabled\u003dfalse, hasTouchScreen\u003dfalse, platform\u003dXP, acceptSslCerts\u003dfalse, goog:chromeOptions\u003d{debuggerAddress\u003dlocalhost:18981}, acceptInsecureCerts\u003dfalse, webStorageEnabled\u003dtrue, browserName\u003dchrome, takesScreenshot\u003dtrue, javascriptEnabled\u003dtrue, setWindowRect\u003dtrue, unexpectedAlertBehaviour\u003d, applicationCacheEnabled\u003dfalse, rotatable\u003dfalse, networkConnectionEnabled\u003dfalse, chrome\u003d{chromedriverVersion\u003d2.41.578737 (49da6702b16031c40d63e5618de03a32ff6c197e), userDataDir\u003dC:\\Users\\VCHEKU~1\\AppData\\Local\\Temp\\scoped_dir5900_29240}, takesHeapSnapshot\u003dtrue, pageLoadStrategy\u003dnormal, databaseEnabled\u003dfalse, handlesAlerts\u003dtrue, version\u003d69.0.3497.100, browserConnectionEnabled\u003dfalse, nativeEvents\u003dtrue, locationContextEnabled\u003dtrue, cssSelectorsEnabled\u003dtrue}]\nSession ID: 4ef4ea0bddd15c4a206fde8e1d031b95\n\tat java.base/jdk.internal.reflect.NativeConstructorAccessorImpl.newInstance0(Native Method)\n\tat java.base/jdk.internal.reflect.NativeConstructorAccessorImpl.newInstance(NativeConstructorAccessorImpl.java:62)\n\tat java.base/jdk.internal.reflect.DelegatingConstructorAccessorImpl.newInstance(DelegatingConstructorAccessorImpl.java:45)\n\tat java.base/java.lang.reflect.Constructor.newInstance(Constructor.java:488)\n\tat org.openqa.selenium.remote.ErrorHandler.createThrowable(ErrorHandler.java:191)\n\tat org.openqa.selenium.remote.ErrorHandler.throwIfResponseFailed(ErrorHandler.java:145)\n\tat org.openqa.selenium.remote.RemoteWebDriver.execute(RemoteWebDriver.java:554)\n\tat org.openqa.selenium.remote.RemoteWebDriver.findElement(RemoteWebDriver.java:307)\n\tat org.openqa.selenium.remote.RemoteWebDriver.findElementByXPath(RemoteWebDriver.java:404)\n\tat org.openqa.selenium.By$ByXPath.findElement(By.java:344)\n\tat org.openqa.selenium.remote.RemoteWebDriver.findElement(RemoteWebDriver.java:299)\n\tat org.openqa.selenium.support.pagefactory.DefaultElementLocator.findElement(DefaultElementLocator.java:59)\n\tat org.openqa.selenium.support.pagefactory.internal.LocatingElementHandler.invoke(LocatingElementHandler.java:34)\n\tat com.sun.proxy.$Proxy17.click(Unknown Source)\n\tat MarketTest.notebookTest(MarketTest.java:57)\n\tat java.base/jdk.internal.reflect.NativeMethodAccessorImpl.invoke0(Native Method)\n\tat java.base/jdk.internal.reflect.NativeMethodAccessorImpl.invoke(NativeMethodAccessorImpl.java:62)\n\tat java.base/jdk.internal.reflect.DelegatingMethodAccessorImpl.invoke(DelegatingMethodAccessorImpl.java:43)\n\tat java.base/java.lang.reflect.Method.invoke(Method.java:564)\n\tat org.junit.runners.model.FrameworkMethod$1.runReflectiveCall(FrameworkMethod.java:47)\n\tat org.junit.internal.runners.model.ReflectiveCallable.run(ReflectiveCallable.java:12)\n\tat org.junit.runners.model.FrameworkMethod.invokeExplosively(FrameworkMethod.java:44)\n\tat org.junit.internal.runners.statements.InvokeMethod.evaluate(InvokeMethod.java:17)\n\tat org.junit.internal.runners.statements.RunBefores.evaluate(RunBefores.java:26)\n\tat org.junit.internal.runners.statements.RunAfters.evaluate(RunAfters.java:27)\n\tat org.junit.rules.TestWatcher$1.evaluate(TestWatcher.java:55)\n\tat org.junit.rules.RunRules.evaluate(RunRules.java:20)\n\tat org.junit.runners.ParentRunner.runLeaf(ParentRunner.java:271)\n\tat org.junit.runners.BlockJUnit4ClassRunner.runChild(BlockJUnit4ClassRunner.java:70)\n\tat org.junit.runners.BlockJUnit4ClassRunner.runChild(BlockJUnit4ClassRunner.java:50)\n\tat org.junit.runners.ParentRunner$3.run(ParentRunner.java:238)\n\tat org.junit.runners.ParentRunner$1.schedule(ParentRunner.java:63)\n\tat org.junit.runners.ParentRunner.runChildren(ParentRunner.java:236)\n\tat org.junit.runners.ParentRunner.access$000(ParentRunner.java:53)\n\tat org.junit.runners.ParentRunner$2.evaluate(ParentRunner.java:229)\n\tat org.junit.internal.runners.statements.RunBefores.evaluate(RunBefores.java:26)\n\tat org.junit.internal.runners.statements.RunAfters.evaluate(RunAfters.java:27)\n\tat org.junit.rules.TestWatcher$1.evaluate(TestWatcher.java:55)\n\tat org.junit.rules.RunRules.evaluate(RunRules.java:20)\n\tat org.junit.runners.ParentRunner.run(ParentRunner.java:309)\n\tat org.junit.runner.JUnitCore.run(JUnitCore.java:160)\n\tat com.intellij.junit4.JUnit4IdeaTestRunner.startRunnerWithArgs(JUnit4IdeaTestRunner.java:68)\n\tat com.intellij.rt.execution.junit.IdeaTestRunner$Repeater.startRunnerWithArgs(IdeaTestRunner.java:47)\n\tat com.intellij.rt.execution.junit.JUnitStarter.prepareStreamsAndStart(JUnitStarter.java:242)\n\tat com.intellij.rt.execution.junit.JUnitStarter.main(JUnitStarter.java:70)\n\u003c/pre\u003e"},"StartTime":"2018-10-19 12:18:07","Duration":{"#cdata-section":"00:00:23.442"},"Name":"notebookTest","Result":"Failed"},"ReportNode":[{"@type":"CustomStep","Data":{"Extension":{"Any":{"IconKey":"CustomStep","IsHtmlErrorText":"true"}},"Description":{"#cdata-section":"Done"},"StartTime":"2018-10-19 12:18:16","Duration":{"#cdata-section":"00:00:00.000"},"Name":{"#cdata-section":"Переход на сайт "},"Result":"Passed"}},{"@type":"CustomStep","Data":{"Extension":{"Any":{"IconKey":"CustomStep","IsHtmlErrorText":"true"}},"Description":{"#cdata-section":"Done"},"StartTime":"2018-10-19 12:18:20","Duration":{"#cdata-section":"00:00:00.000"},"Name":{"#cdata-section":"Переход в компьютеры "},"Result":"Passed"}},{"@type":"CustomStep","Data":{"Extension":{"Any":{"IconKey":"CustomStep","IsHtmlErrorText":"true"}},"Description":{"#cdata-section":"Done"},"StartTime":"2018-10-19 12:18:30","Duration":{"#cdata-section":"00:00:00.000"},"Name":{"#cdata-section":"Тест закончен"},"Result":"Passed"}},{"@type":"RunTimeError","Data":{"Extension":{"Any":{"IconKey":"RunTimeError","IsHtmlErrorText":"true"}},"ErrorText":{"#cdata-section":"\u003cpre\u003eorg.openqa.selenium.NoSuchElementException: no such element: Unable to locate element: {\u0026quot;method\u0026quot;:\u0026quot;xpath\u0026quot;,\u0026quot;selector\u0026quot;:\u0026quot;//div[@class\u003d\u0026quot;catalog-menu__list\u0026quot;]/a[text()\u003d\u0026quot;\u0026#1053;\u0026#1086;\u0026#1091;\u0026#1090;\u0026#1073;\u0026#1091;\u0026#1082;\u0026#1080;\u0026quot;]\u0026quot;}\n  (Session info: chrome\u003d69.0.3497.100)\n  (Driver info: chromedriver\u003d2.41.578737 (49da6702b16031c40d63e5618de03a32ff6c197e),platform\u003dWindows NT 10.0.14393 x86_64) (WARNING: The server did not provide any stacktrace information)\nCommand duration or timeout: 10.01 seconds\nFor documentation on this error, please visit: http://seleniumhq.org/exceptions/no_such_element.html\nBuild info: version: \u0026apos;2.33.0\u0026apos;, revision: \u0026apos;4ecaf82108b2a6cc6f006aae81961236eba93358\u0026apos;, time: \u0026apos;2013-05-22 12:00:17\u0026apos;\nSystem info: os.name: \u0026apos;Windows 10\u0026apos;, os.arch: \u0026apos;amd64\u0026apos;, os.version: \u0026apos;10.0\u0026apos;, java.version: \u0026apos;10.0.1\u0026apos;\nDriver info: org.openqa.selenium.chrome.ChromeDriver\nCapabilities [{mobileEmulationEnabled\u003dfalse, hasTouchScreen\u003dfalse, platform\u003dXP, acceptSslCerts\u003dfalse, goog:chromeOptions\u003d{debuggerAddress\u003dlocalhost:18981}, acceptInsecureCerts\u003dfalse, webStorageEnabled\u003dtrue, browserName\u003dchrome, takesScreenshot\u003dtrue, javascriptEnabled\u003dtrue, setWindowRect\u003dtrue, unexpectedAlertBehaviour\u003d, applicationCacheEnabled\u003dfalse, rotatable\u003dfalse, networkConnectionEnabled\u003dfalse, chrome\u003d{chromedriverVersion\u003d2.41.578737 (49da6702b16031c40d63e5618de03a32ff6c197e), userDataDir\u003dC:\\Users\\VCHEKU~1\\AppData\\Local\\Temp\\scoped_dir5900_29240}, takesHeapSnapshot\u003dtrue, pageLoadStrategy\u003dnormal, databaseEnabled\u003dfalse, handlesAlerts\u003dtrue, version\u003d69.0.3497.100, browserConnectionEnabled\u003dfalse, nativeEvents\u003dtrue, locationContextEnabled\u003dtrue, cssSelectorsEnabled\u003dtrue}]\nSession ID: 4ef4ea0bddd15c4a206fde8e1d031b95\n\tat java.base/jdk.internal.reflect.NativeConstructorAccessorImpl.newInstance0(Native Method)\n\tat java.base/jdk.internal.reflect.NativeConstructorAccessorImpl.newInstance(NativeConstructorAccessorImpl.java:62)\n\tat java.base/jdk.internal.reflect.DelegatingConstructorAccessorImpl.newInstance(DelegatingConstructorAccessorImpl.java:45)\n\tat java.base/java.lang.reflect.Constructor.newInstance(Constructor.java:488)\n\tat org.openqa.selenium.remote.ErrorHandler.createThrowable(ErrorHandler.java:191)\n\tat org.openqa.selenium.remote.ErrorHandler.throwIfResponseFailed(ErrorHandler.java:145)\n\tat org.openqa.selenium.remote.RemoteWebDriver.execute(RemoteWebDriver.java:554)\n\tat org.openqa.selenium.remote.RemoteWebDriver.findElement(RemoteWebDriver.java:307)\n\tat org.openqa.selenium.remote.RemoteWebDriver.findElementByXPath(RemoteWebDriver.java:404)\n\tat org.openqa.selenium.By$ByXPath.findElement(By.java:344)\n\tat org.openqa.selenium.remote.RemoteWebDriver.findElement(RemoteWebDriver.java:299)\n\tat org.openqa.selenium.support.pagefactory.DefaultElementLocator.findElement(DefaultElementLocator.java:59)\n\tat org.openqa.selenium.support.pagefactory.internal.LocatingElementHandler.invoke(LocatingElementHandler.java:34)\n\tat com.sun.proxy.$Proxy17.click(Unknown Source)\n\tat MarketTest.notebookTest(MarketTest.java:57)\n\tat java.base/jdk.internal.reflect.NativeMethodAccessorImpl.invoke0(Native Method)\n\tat java.base/jdk.internal.reflect.NativeMethodAccessorImpl.invoke(NativeMethodAccessorImpl.java:62)\n\tat java.base/jdk.internal.reflect.DelegatingMethodAccessorImpl.invoke(DelegatingMethodAccessorImpl.java:43)\n\tat java.base/java.lang.reflect.Method.invoke(Method.java:564)\n\tat org.junit.runners.model.FrameworkMethod$1.runReflectiveCall(FrameworkMethod.java:47)\n\tat org.junit.internal.runners.model.ReflectiveCallable.run(ReflectiveCallable.java:12)\n\tat org.junit.runners.model.FrameworkMethod.invokeExplosively(FrameworkMethod.java:44)\n\tat org.junit.internal.runners.statements.InvokeMethod.evaluate(InvokeMethod.java:17)\n\tat org.junit.internal.runners.statements.RunBefores.evaluate(RunBefores.java:26)\n\tat org.junit.internal.runners.statements.RunAfters.evaluate(RunAfters.java:27)\n\tat org.junit.rules.TestWatcher$1.evaluate(TestWatcher.java:55)\n\tat org.junit.rules.RunRules.evaluate(RunRules.java:20)\n\tat org.junit.runners.ParentRunner.runLeaf(ParentRunner.java:271)\n\tat org.junit.runners.BlockJUnit4ClassRunner.runChild(BlockJUnit4ClassRunner.java:70)\n\tat org.junit.runners.BlockJUnit4ClassRunner.runChild(BlockJUnit4ClassRunner.java:50)\n\tat org.junit.runners.ParentRunner$3.run(ParentRunner.java:238)\n\tat org.junit.runners.ParentRunner$1.schedule(ParentRunner.java:63)\n\tat org.junit.runners.ParentRunner.runChildren(ParentRunner.java:236)\n\tat org.junit.runners.ParentRunner.access$000(ParentRunner.java:53)\n\tat org.junit.runners.ParentRunner$2.evaluate(ParentRunner.java:229)\n\tat org.junit.internal.runners.statements.RunBefores.evaluate(RunBefores.java:26)\n\tat org.junit.internal.runners.statements.RunAfters.evaluate(RunAfters.java:27)\n\tat org.junit.rules.TestWatcher$1.evaluate(TestWatcher.java:55)\n\tat org.junit.rules.RunRules.evaluate(RunRules.java:20)\n\tat org.junit.runners.ParentRunner.run(ParentRunner.java:309)\n\tat org.junit.runner.JUnitCore.run(JUnitCore.java:160)\n\tat com.intellij.junit4.JUnit4IdeaTestRunner.startRunnerWithArgs(JUnit4IdeaTestRunner.java:68)\n\tat com.intellij.rt.execution.junit.IdeaTestRunner$Repeater.startRunnerWithArgs(IdeaTestRunner.java:47)\n\tat com.intellij.rt.execution.junit.JUnitStarter.prepareStreamsAndStart(JUnitStarter.java:242)\n\tat com.intellij.rt.execution.junit.JUnitStarter.main(JUnitStarter.java:70)\n\u003c/pre\u003e"},"StartTime":"2018-10-19 12:18:31","Duration":{"#cdata-section":"00:00:00.000"},"Name":{"#cdata-section":"no such element: Unable to locate element: {\"method\":\"xpath\",\"selector\":\"//div[@class\u003d\"catalog-menu__list\"]/a[text()\u003d\"Ноутбуки\"]\"}\n  (Session info: chrome\u003d69.0.3497.100)\n  (Driver info: chromedriver\u003d2.41.578737 (49da6702b16031c40d63e5618de03a32ff6c197e),platform\u003dWindows NT 10.0.14393 x86_64) (WARNING: The server did not provide any stacktrace information)\nCommand duration or timeout: 10.01 seconds\nFor documentation on this error, please visit: http://seleniumhq.org/exceptions/no_such_element.html\nBuild info: version: \u00272.33.0\u0027, revision: \u00274ecaf82108b2a6cc6f006aae81961236eba93358\u0027, time: \u00272013-05-22 12:00:17\u0027\nSystem info: os.name: \u0027Windows 10\u0027, os.arch: \u0027amd64\u0027, os.version: \u002710.0\u0027, java.version: \u002710.0.1\u0027\nDriver info: org.openqa.selenium.chrome.ChromeDriver\nCapabilities [{mobileEmulationEnabled\u003dfalse, hasTouchScreen\u003dfalse, platform\u003dXP, acceptSslCerts\u003dfalse, goog:chromeOptions\u003d{debuggerAddress\u003dlocalhost:18981}, acceptInsecureCerts\u003dfalse, webStorageEnabled\u003dtrue, browserName\u003dchrome, takesScreenshot\u003dtrue, javascriptEnabled\u003dtrue, setWindowRect\u003dtrue, unexpectedAlertBehaviour\u003d, applicationCacheEnabled\u003dfalse, rotatable\u003dfalse, networkConnectionEnabled\u003dfalse, chrome\u003d{chromedriverVersion\u003d2.41.578737 (49da6702b16031c40d63e5618de03a32ff6c197e), userDataDir\u003dC:\\Users\\VCHEKU~1\\AppData\\Local\\Temp\\scoped_dir5900_29240}, takesHeapSnapshot\u003dtrue, pageLoadStrategy\u003dnormal, databaseEnabled\u003dfalse, handlesAlerts\u003dtrue, version\u003d69.0.3497.100, browserConnectionEnabled\u003dfalse, nativeEvents\u003dtrue, locationContextEnabled\u003dtrue, cssSelectorsEnabled\u003dtrue}]\nSession ID: 4ef4ea0bddd15c4a206fde8e1d031b95"},"Result":"Failed"}}]},{"@type":"Test","Data":{"Extension":{"Any":{"IconKey":"Test","IsHtmlErrorText":"true"}},"ErrorText":{"#cdata-section":"\u003cpre\u003eorg.openqa.selenium.NoSuchElementException: no such element: Unable to locate element: {\u0026quot;method\u0026quot;:\u0026quot;xpath\u0026quot;,\u0026quot;selector\u0026quot;:\u0026quot;//div[@class\u003d\u0026quot;catalog-menu__list\u0026quot;]/a[text()\u003d\u0026quot;\u0026#1055;\u0026#1083;\u0026#1072;\u0026#1085;\u0026#1096;\u0026#1077;\u0026#1090;\u0026#1099;\u0026quot;]\u0026quot;}\n  (Session info: chrome\u003d69.0.3497.100)\n  (Driver info: chromedriver\u003d2.41.578737 (49da6702b16031c40d63e5618de03a32ff6c197e),platform\u003dWindows NT 10.0.14393 x86_64) (WARNING: The server did not provide any stacktrace information)\nCommand duration or timeout: 10.06 seconds\nFor documentation on this error, please visit: http://seleniumhq.org/exceptions/no_such_element.html\nBuild info: version: \u0026apos;2.33.0\u0026apos;, revision: \u0026apos;4ecaf82108b2a6cc6f006aae81961236eba93358\u0026apos;, time: \u0026apos;2013-05-22 12:00:17\u0026apos;\nSystem info: os.name: \u0026apos;Windows 10\u0026apos;, os.arch: \u0026apos;amd64\u0026apos;, os.version: \u0026apos;10.0\u0026apos;, java.version: \u0026apos;10.0.1\u0026apos;\nDriver info: org.openqa.selenium.chrome.ChromeDriver\nCapabilities [{mobileEmulationEnabled\u003dfalse, hasTouchScreen\u003dfalse, platform\u003dXP, acceptSslCerts\u003dfalse, goog:chromeOptions\u003d{debuggerAddress\u003dlocalhost:19040}, acceptInsecureCerts\u003dfalse, webStorageEnabled\u003dtrue, browserName\u003dchrome, takesScreenshot\u003dtrue, javascriptEnabled\u003dtrue, setWindowRect\u003dtrue, unexpectedAlertBehaviour\u003d, applicationCacheEnabled\u003dfalse, rotatable\u003dfalse, networkConnectionEnabled\u003dfalse, chrome\u003d{chromedriverVersion\u003d2.41.578737 (49da6702b16031c40d63e5618de03a32ff6c197e), userDataDir\u003dC:\\Users\\VCHEKU~1\\AppData\\Local\\Temp\\scoped_dir9820_14315}, takesHeapSnapshot\u003dtrue, pageLoadStrategy\u003dnormal, databaseEnabled\u003dfalse, handlesAlerts\u003dtrue, version\u003d69.0.3497.100, browserConnectionEnabled\u003dfalse, nativeEvents\u003dtrue, locationContextEnabled\u003dtrue, cssSelectorsEnabled\u003dtrue}]\nSession ID: a7fce1d26f4e360c07fca59afa9a05fb\n\tat java.base/jdk.internal.reflect.NativeConstructorAccessorImpl.newInstance0(Native Method)\n\tat java.base/jdk.internal.reflect.NativeConstructorAccessorImpl.newInstance(NativeConstructorAccessorImpl.java:62)\n\tat java.base/jdk.internal.reflect.DelegatingConstructorAccessorImpl.newInstance(DelegatingConstructorAccessorImpl.java:45)\n\tat java.base/java.lang.reflect.Constructor.newInstance(Constructor.java:488)\n\tat org.openqa.selenium.remote.ErrorHandler.createThrowable(ErrorHandler.java:191)\n\tat org.openqa.selenium.remote.ErrorHandler.throwIfResponseFailed(ErrorHandler.java:145)\n\tat org.openqa.selenium.remote.RemoteWebDriver.execute(RemoteWebDriver.java:554)\n\tat org.openqa.selenium.remote.RemoteWebDriver.findElement(RemoteWebDriver.java:307)\n\tat org.openqa.selenium.remote.RemoteWebDriver.findElementByXPath(RemoteWebDriver.java:404)\n\tat org.openqa.selenium.By$ByXPath.findElement(By.java:344)\n\tat org.openqa.selenium.remote.RemoteWebDriver.findElement(RemoteWebDriver.java:299)\n\tat org.openqa.selenium.support.pagefactory.DefaultElementLocator.findElement(DefaultElementLocator.java:59)\n\tat org.openqa.selenium.support.pagefactory.internal.LocatingElementHandler.invoke(LocatingElementHandler.java:34)\n\tat com.sun.proxy.$Proxy17.click(Unknown Source)\n\tat MarketTest.tabletTest(MarketTest.java:113)\n\tat java.base/jdk.internal.reflect.NativeMethodAccessorImpl.invoke0(Native Method)\n\tat java.base/jdk.internal.reflect.NativeMethodAccessorImpl.invoke(NativeMethodAccessorImpl.java:62)\n\tat java.base/jdk.internal.reflect.DelegatingMethodAccessorImpl.invoke(DelegatingMethodAccessorImpl.java:43)\n\tat java.base/java.lang.reflect.Method.invoke(Method.java:564)\n\tat org.junit.runners.model.FrameworkMethod$1.runReflectiveCall(FrameworkMethod.java:47)\n\tat org.junit.internal.runners.model.ReflectiveCallable.run(ReflectiveCallable.java:12)\n\tat org.junit.runners.model.FrameworkMethod.invokeExplosively(FrameworkMethod.java:44)\n\tat org.junit.internal.runners.statements.InvokeMethod.evaluate(InvokeMethod.java:17)\n\tat org.junit.internal.runners.statements.RunBefores.evaluate(RunBefores.java:26)\n\tat org.junit.internal.runners.statements.RunAfters.evaluate(RunAfters.java:27)\n\tat org.junit.rules.TestWatcher$1.evaluate(TestWatcher.java:55)\n\tat org.junit.rules.RunRules.evaluate(RunRules.java:20)\n\tat org.junit.runners.ParentRunner.runLeaf(ParentRunner.java:271)\n\tat org.junit.runners.BlockJUnit4ClassRunner.runChild(BlockJUnit4ClassRunner.java:70)\n\tat org.junit.runners.BlockJUnit4ClassRunner.runChild(BlockJUnit4ClassRunner.java:50)\n\tat org.junit.runners.ParentRunner$3.run(ParentRunner.java:238)\n\tat org.junit.runners.ParentRunner$1.schedule(ParentRunner.java:63)\n\tat org.junit.runners.ParentRunner.runChildren(ParentRunner.java:236)\n\tat org.junit.runners.ParentRunner.access$000(ParentRunner.java:53)\n\tat org.junit.runners.ParentRunner$2.evaluate(ParentRunner.java:229)\n\tat org.junit.internal.runners.statements.RunBefores.evaluate(RunBefores.java:26)\n\tat org.junit.internal.runners.statements.RunAfters.evaluate(RunAfters.java:27)\n\tat org.junit.rules.TestWatcher$1.evaluate(TestWatcher.java:55)\n\tat org.junit.rules.RunRules.evaluate(RunRules.java:20)\n\tat org.junit.runners.ParentRunner.run(ParentRunner.java:309)\n\tat org.junit.runner.JUnitCore.run(JUnitCore.java:160)\n\tat com.intellij.junit4.JUnit4IdeaTestRunner.startRunnerWithArgs(JUnit4IdeaTestRunner.java:68)\n\tat com.intellij.rt.execution.junit.IdeaTestRunner$Repeater.startRunnerWithArgs(IdeaTestRunner.java:47)\n\tat com.intellij.rt.execution.junit.JUnitStarter.prepareStreamsAndStart(JUnitStarter.java:242)\n\tat com.intellij.rt.execution.junit.JUnitStarter.main(JUnitStarter.java:70)\n\u003c/pre\u003e"},"StartTime":"2018-10-19 12:18:31","Duration":{"#cdata-section":"00:00:23.354"},"Name":"tabletTest","Result":"Failed"},"ReportNode":[{"@type":"CustomStep","Data":{"Extension":{"Any":{"IconKey":"CustomStep","IsHtmlErrorText":"true"}},"Description":{"#cdata-section":"Done"},"StartTime":"2018-10-19 12:18:40","Duration":{"#cdata-section":"00:00:00.000"},"Name":{"#cdata-section":"Переход на сайт "},"Result":"Passed"}},{"@type":"CustomStep","Data":{"Extension":{"Any":{"IconKey":"CustomStep","IsHtmlErrorText":"true"}},"Description":{"#cdata-section":"Done"},"StartTime":"2018-10-19 12:18:43","Duration":{"#cdata-section":"00:00:00.000"},"Name":{"#cdata-section":"Переход в компьютеры "},"Result":"Passed"}},{"@type":"CustomStep","Data":{"Extension":{"Any":{"IconKey":"CustomStep","IsHtmlErrorText":"true"}},"Description":{"#cdata-section":"Done"},"StartTime":"2018-10-19 12:18:53","Duration":{"#cdata-section":"00:00:00.000"},"Name":{"#cdata-section":"Тест закончен"},"Result":"Passed"}},{"@type":"RunTimeError","Data":{"Extension":{"Any":{"IconKey":"RunTimeError","IsHtmlErrorText":"true"}},"ErrorText":{"#cdata-section":"\u003cpre\u003eorg.openqa.selenium.NoSuchElementException: no such element: Unable to locate element: {\u0026quot;method\u0026quot;:\u0026quot;xpath\u0026quot;,\u0026quot;selector\u0026quot;:\u0026quot;//div[@class\u003d\u0026quot;catalog-menu__list\u0026quot;]/a[text()\u003d\u0026quot;\u0026#1055;\u0026#1083;\u0026#1072;\u0026#1085;\u0026#1096;\u0026#1077;\u0026#1090;\u0026#1099;\u0026quot;]\u0026quot;}\n  (Session info: chrome\u003d69.0.3497.100)\n  (Driver info: chromedriver\u003d2.41.578737 (49da6702b16031c40d63e5618de03a32ff6c197e),platform\u003dWindows NT 10.0.14393 x86_64) (WARNING: The server did not provide any stacktrace information)\nCommand duration or timeout: 10.06 seconds\nFor documentation on this error, please visit: http://seleniumhq.org/exceptions/no_such_element.html\nBuild info: version: \u0026apos;2.33.0\u0026apos;, revision: \u0026apos;4ecaf82108b2a6cc6f006aae81961236eba93358\u0026apos;, time: \u0026apos;2013-05-22 12:00:17\u0026apos;\nSystem info: os.name: \u0026apos;Windows 10\u0026apos;, os.arch: \u0026apos;amd64\u0026apos;, os.version: \u0026apos;10.0\u0026apos;, java.version: \u0026apos;10.0.1\u0026apos;\nDriver info: org.openqa.selenium.chrome.ChromeDriver\nCapabilities [{mobileEmulationEnabled\u003dfalse, hasTouchScreen\u003dfalse, platform\u003dXP, acceptSslCerts\u003dfalse, goog:chromeOptions\u003d{debuggerAddress\u003dlocalhost:19040}, acceptInsecureCerts\u003dfalse, webStorageEnabled\u003dtrue, browserName\u003dchrome, takesScreenshot\u003dtrue, javascriptEnabled\u003dtrue, setWindowRect\u003dtrue, unexpectedAlertBehaviour\u003d, applicationCacheEnabled\u003dfalse, rotatable\u003dfalse, networkConnectionEnabled\u003dfalse, chrome\u003d{chromedriverVersion\u003d2.41.578737 (49da6702b16031c40d63e5618de03a32ff6c197e), userDataDir\u003dC:\\Users\\VCHEKU~1\\AppData\\Local\\Temp\\scoped_dir9820_14315}, takesHeapSnapshot\u003dtrue, pageLoadStrategy\u003dnormal, databaseEnabled\u003dfalse, handlesAlerts\u003dtrue, version\u003d69.0.3497.100, browserConnectionEnabled\u003dfalse, nativeEvents\u003dtrue, locationContextEnabled\u003dtrue, cssSelectorsEnabled\u003dtrue}]\nSession ID: a7fce1d26f4e360c07fca59afa9a05fb\n\tat java.base/jdk.internal.reflect.NativeConstructorAccessorImpl.newInstance0(Native Method)\n\tat java.base/jdk.internal.reflect.NativeConstructorAccessorImpl.newInstance(NativeConstructorAccessorImpl.java:62)\n\tat java.base/jdk.internal.reflect.DelegatingConstructorAccessorImpl.newInstance(DelegatingConstructorAccessorImpl.java:45)\n\tat java.base/java.lang.reflect.Constructor.newInstance(Constructor.java:488)\n\tat org.openqa.selenium.remote.ErrorHandler.createThrowable(ErrorHandler.java:191)\n\tat org.openqa.selenium.remote.ErrorHandler.throwIfResponseFailed(ErrorHandler.java:145)\n\tat org.openqa.selenium.remote.RemoteWebDriver.execute(RemoteWebDriver.java:554)\n\tat org.openqa.selenium.remote.RemoteWebDriver.findElement(RemoteWebDriver.java:307)\n\tat org.openqa.selenium.remote.RemoteWebDriver.findElementByXPath(RemoteWebDriver.java:404)\n\tat org.openqa.selenium.By$ByXPath.findElement(By.java:344)\n\tat org.openqa.selenium.remote.RemoteWebDriver.findElement(RemoteWebDriver.java:299)\n\tat org.openqa.selenium.support.pagefactory.DefaultElementLocator.findElement(DefaultElementLocator.java:59)\n\tat org.openqa.selenium.support.pagefactory.internal.LocatingElementHandler.invoke(LocatingElementHandler.java:34)\n\tat com.sun.proxy.$Proxy17.click(Unknown Source)\n\tat MarketTest.tabletTest(MarketTest.java:113)\n\tat java.base/jdk.internal.reflect.NativeMethodAccessorImpl.invoke0(Native Method)\n\tat java.base/jdk.internal.reflect.NativeMethodAccessorImpl.invoke(NativeMethodAccessorImpl.java:62)\n\tat java.base/jdk.internal.reflect.DelegatingMethodAccessorImpl.invoke(DelegatingMethodAccessorImpl.java:43)\n\tat java.base/java.lang.reflect.Method.invoke(Method.java:564)\n\tat org.junit.runners.model.FrameworkMethod$1.runReflectiveCall(FrameworkMethod.java:47)\n\tat org.junit.internal.runners.model.ReflectiveCallable.run(ReflectiveCallable.java:12)\n\tat org.junit.runners.model.FrameworkMethod.invokeExplosively(FrameworkMethod.java:44)\n\tat org.junit.internal.runners.statements.InvokeMethod.evaluate(InvokeMethod.java:17)\n\tat org.junit.internal.runners.statements.RunBefores.evaluate(RunBefores.java:26)\n\tat org.junit.internal.runners.statements.RunAfters.evaluate(RunAfters.java:27)\n\tat org.junit.rules.TestWatcher$1.evaluate(TestWatcher.java:55)\n\tat org.junit.rules.RunRules.evaluate(RunRules.java:20)\n\tat org.junit.runners.ParentRunner.runLeaf(ParentRunner.java:271)\n\tat org.junit.runners.BlockJUnit4ClassRunner.runChild(BlockJUnit4ClassRunner.java:70)\n\tat org.junit.runners.BlockJUnit4ClassRunner.runChild(BlockJUnit4ClassRunner.java:50)\n\tat org.junit.runners.ParentRunner$3.run(ParentRunner.java:238)\n\tat org.junit.runners.ParentRunner$1.schedule(ParentRunner.java:63)\n\tat org.junit.runners.ParentRunner.runChildren(ParentRunner.java:236)\n\tat org.junit.runners.ParentRunner.access$000(ParentRunner.java:53)\n\tat org.junit.runners.ParentRunner$2.evaluate(ParentRunner.java:229)\n\tat org.junit.internal.runners.statements.RunBefores.evaluate(RunBefores.java:26)\n\tat org.junit.internal.runners.statements.RunAfters.evaluate(RunAfters.java:27)\n\tat org.junit.rules.TestWatcher$1.evaluate(TestWatcher.java:55)\n\tat org.junit.rules.RunRules.evaluate(RunRules.java:20)\n\tat org.junit.runners.ParentRunner.run(ParentRunner.java:309)\n\tat org.junit.runner.JUnitCore.run(JUnitCore.java:160)\n\tat com.intellij.junit4.JUnit4IdeaTestRunner.startRunnerWithArgs(JUnit4IdeaTestRunner.java:68)\n\tat com.intellij.rt.execution.junit.IdeaTestRunner$Repeater.startRunnerWithArgs(IdeaTestRunner.java:47)\n\tat com.intellij.rt.execution.junit.JUnitStarter.prepareStreamsAndStart(JUnitStarter.java:242)\n\tat com.intellij.rt.execution.junit.JUnitStarter.main(JUnitStarter.java:70)\n\u003c/pre\u003e"},"StartTime":"2018-10-19 12:18:54","Duration":{"#cdata-section":"00:00:00.000"},"Name":{"#cdata-section":"no such element: Unable to locate element: {\"method\":\"xpath\",\"selector\":\"//div[@class\u003d\"catalog-menu__list\"]/a[text()\u003d\"Планшеты\"]\"}\n  (Session info: chrome\u003d69.0.3497.100)\n  (Driver info: chromedriver\u003d2.41.578737 (49da6702b16031c40d63e5618de03a32ff6c197e),platform\u003dWindows NT 10.0.14393 x86_64) (WARNING: The server did not provide any stacktrace information)\nCommand duration or timeout: 10.06 seconds\nFor documentation on this error, please visit: http://seleniumhq.org/exceptions/no_such_element.html\nBuild info: version: \u00272.33.0\u0027, revision: \u00274ecaf82108b2a6cc6f006aae81961236eba93358\u0027, time: \u00272013-05-22 12:00:17\u0027\nSystem info: os.name: \u0027Windows 10\u0027, os.arch: \u0027amd64\u0027, os.version: \u002710.0\u0027, java.version: \u002710.0.1\u0027\nDriver info: org.openqa.selenium.chrome.ChromeDriver\nCapabilities [{mobileEmulationEnabled\u003dfalse, hasTouchScreen\u003dfalse, platform\u003dXP, acceptSslCerts\u003dfalse, goog:chromeOptions\u003d{debuggerAddress\u003dlocalhost:19040}, acceptInsecureCerts\u003dfalse, webStorageEnabled\u003dtrue, browserName\u003dchrome, takesScreenshot\u003dtrue, javascriptEnabled\u003dtrue, setWindowRect\u003dtrue, unexpectedAlertBehaviour\u003d, applicationCacheEnabled\u003dfalse, rotatable\u003dfalse, networkConnectionEnabled\u003dfalse, chrome\u003d{chromedriverVersion\u003d2.41.578737 (49da6702b16031c40d63e5618de03a32ff6c197e), userDataDir\u003dC:\\Users\\VCHEKU~1\\AppData\\Local\\Temp\\scoped_dir9820_14315}, takesHeapSnapshot\u003dtrue, pageLoadStrategy\u003dnormal, databaseEnabled\u003dfalse, handlesAlerts\u003dtrue, version\u003d69.0.3497.100, browserConnectionEnabled\u003dfalse, nativeEvents\u003dtrue, locationContextEnabled\u003dtrue, cssSelectorsEnabled\u003dtrue}]\nSession ID: a7fce1d26f4e360c07fca59afa9a05fb"},"Result":"Failed"}}]}]}}}}}
